<?xml version="1.0" encoding="UTF-8"?>
<testsuite name="com.uca.TestRelationBidirectionnelleManyToMany" tests="2" skipped="0" failures="0" errors="0" timestamp="2024-05-09T14:27:50" hostname="MacBook-Pro-de-Ilyas.local" time="0.006">
  <properties/>
  <testcase name="testAjoutMutuel()" classname="com.uca.TestRelationBidirectionnelleManyToMany" time="0.004"/>
  <testcase name="testSuppressionMutuelle()" classname="com.uca.TestRelationBidirectionnelleManyToMany" time="0.001"/>
  <system-out><![CDATA[]]></system-out>
  <system-err><![CDATA[]]></system-err>
</testsuite>
