<?xml version="1.0" encoding="UTF-8"?>
<testsuite name="com.uca.VolTests" tests="10" skipped="0" failures="0" errors="0" timestamp="2024-05-09T14:27:50" hostname="MacBook-Pro-de-Ilyas.local" time="1.042">
  <properties/>
  <testcase name="testAnnulerReservation()" classname="com.uca.VolTests" time="1.028"/>
  <testcase name="testRetarderVolDejaParti()" classname="com.uca.VolTests" time="0.002"/>
  <testcase name="testRetarderSautDeAeroportDepart()" classname="com.uca.VolTests" time="0.001"/>
  <testcase name="testPayerReservation()" classname="com.uca.VolTests" time="0.0"/>
  <testcase name="testConfirmerReservationNonPayee()" classname="com.uca.VolTests" time="0.001"/>
  <testcase name="testConfirmerReservationAnnulee()" classname="com.uca.VolTests" time="0.0"/>
  <testcase name="testPayerReservationAnnulee()" classname="com.uca.VolTests" time="0.0"/>
  <testcase name="testConfirmerReservation()" classname="com.uca.VolTests" time="0.001"/>
  <testcase name="testInitialReservation()" classname="com.uca.VolTests" time="0.001"/>
  <testcase name="testCreerReservationVolNonOuvert()" classname="com.uca.VolTests" time="0.001"/>
  <system-out><![CDATA[La réservation a été payée.
La réservation a été payée.
La réservation a été confirmée.
La réservation a été annulée.
La réservation a été annulée.
La réservation a été payée.
La réservation a été payée.
La réservation a été confirmée.
La réservation a été annulée.
La réservation a été payée.
La réservation a été payée.
La réservation a été confirmée.
La réservation a été annulée.
La réservation a été payée.
La réservation a été payée.
La réservation a été confirmée.
La réservation a été annulée.
La réservation a été payée.
La réservation a été payée.
La réservation a été payée.
La réservation a été confirmée.
La réservation a été annulée.
La réservation a été payée.
La réservation a été payée.
La réservation a été confirmée.
La réservation a été annulée.
La réservation a été payée.
La réservation a été payée.
La réservation a été confirmée.
La réservation a été annulée.
La réservation a été payée.
La réservation a été payée.
La réservation a été confirmée.
La réservation a été annulée.
La réservation a été payée.
La réservation a été confirmée.
La réservation a été payée.
La réservation a été payée.
La réservation a été confirmée.
La réservation a été annulée.
La réservation a été payée.
La réservation a été payée.
La réservation a été confirmée.
La réservation a été annulée.
]]></system-out>
  <system-err><![CDATA[]]></system-err>
</testsuite>
